<?xml version="1.0" encoding="UTF-8"?>
<coverage generated="1692176352251" clover="3.2.0">
  <project timestamp="1692176352252" name="All files">
    <metrics statements="36" coveredstatements="30" conditionals="18" coveredconditionals="10" methods="4" coveredmethods="4" elements="58" coveredelements="44" complexity="0" loc="36" ncloc="36" packages="1" files="3" classes="3"/>
    <file name="carValueCalculator.ts" path="C:\Users\kelsi\OneDrive\MRL5\August\Missions\Mission1\turners\src\services\carValueCalculator.ts">
      <metrics statements="17" coveredstatements="12" conditionals="16" coveredconditionals="9" methods="2" coveredmethods="2"/>
      <line num="2" count="5" type="stmt"/>
      <line num="3" count="5" type="cond" truecount="3" falsecount="1"/>
      <line num="4" count="5" type="stmt"/>
      <line num="5" count="0" type="cond" truecount="0" falsecount="4"/>
      <line num="6" count="0" type="stmt"/>
      <line num="8" count="0" type="stmt"/>
      <line num="12" count="1" type="stmt"/>
      <line num="13" count="1" type="cond" truecount="2" falsecount="1"/>
      <line num="14" count="0" type="stmt"/>
      <line num="16" count="1" type="cond" truecount="4" falsecount="1"/>
      <line num="17" count="0" type="stmt"/>
      <line num="19" count="1" type="stmt"/>
      <line num="21" count="1" type="stmt"/>
      <line num="22" count="1" type="stmt"/>
      <line num="23" count="5" type="stmt"/>
      <line num="25" count="1" type="stmt"/>
      <line num="26" count="1" type="stmt"/>
    </file>
    <file name="quoteCalculator.ts" path="C:\Users\kelsi\OneDrive\MRL5\August\Missions\Mission1\turners\src\services\quoteCalculator.ts">
      <metrics statements="5" coveredstatements="5" conditionals="0" coveredconditionals="0" methods="1" coveredmethods="1"/>
      <line num="1" count="1" type="stmt"/>
      <line num="2" count="1" type="stmt"/>
      <line num="3" count="1" type="stmt"/>
      <line num="4" count="1" type="stmt"/>
      <line num="5" count="1" type="stmt"/>
    </file>
    <file name="riskRatingCalculator.ts" path="C:\Users\kelsi\OneDrive\MRL5\August\Missions\Mission1\turners\src\services\riskRatingCalculator.ts">
      <metrics statements="14" coveredstatements="13" conditionals="2" coveredconditionals="1" methods="1" coveredmethods="1"/>
      <line num="1" count="1" type="stmt"/>
      <line num="2" count="1" type="stmt"/>
      <line num="3" count="1" type="stmt"/>
      <line num="4" count="1" type="stmt"/>
      <line num="5" count="1" type="stmt"/>
      <line num="7" count="1" type="stmt"/>
      <line num="8" count="24" type="stmt"/>
      <line num="9" count="112" type="cond" truecount="1" falsecount="0"/>
      <line num="10" count="3" type="stmt"/>
      <line num="11" count="3" type="stmt"/>
      <line num="12" count="3" type="stmt"/>
      <line num="17" count="1" type="cond" truecount="0" falsecount="1"/>
      <line num="18" count="0" type="stmt"/>
      <line num="21" count="1" type="stmt"/>
    </file>
  </project>
</coverage>
