{"C:\\Users\\kelsi\\OneDrive\\MRL5\\August\\Missions\\Mission1\\turners\\src\\services\\carValueCalculator.ts": {"path":"C:\\Users\\kelsi\\OneDrive\\MRL5\\August\\Missions\\Mission1\\turners\\src\\services\\carValueCalculator.ts","statementMap":{"0":{"start":{"line":2,"column":2},"end":{"line":2,"column":32}},"1":{"start":{"line":3,"column":2},"end":{"line":9,"column":null}},"2":{"start":{"line":4,"column":4},"end":{"line":4,"column":37}},"3":{"start":{"line":5,"column":9},"end":{"line":9,"column":null}},"4":{"start":{"line":6,"column":4},"end":{"line":6,"column":28}},"5":{"start":{"line":8,"column":4},"end":{"line":8,"column":13}},"6":{"start":{"line":13,"column":2},"end":{"line":15,"column":null}},"7":{"start":{"line":14,"column":4},"end":{"line":14,"column":47}},"8":{"start":{"line":16,"column":2},"end":{"line":18,"column":null}},"9":{"start":{"line":17,"column":4},"end":{"line":17,"column":46}},"10":{"start":{"line":19,"column":23},"end":{"line":19,"column":57}},"11":{"start":{"line":21,"column":17},"end":{"line":21,"column":18}},"12":{"start":{"line":22,"column":2},"end":{"line":24,"column":null}},"13":{"start":{"line":23,"column":4},"end":{"line":23,"column":37}},"14":{"start":{"line":25,"column":2},"end":{"line":25,"column":35}},"15":{"start":{"line":26,"column":2},"end":{"line":26,"column":33}},"16":{"start":{"line":12,"column":0},"end":{"line":12,"column":16}}},"fnMap":{"0":{"name":"convertModel","decl":{"start":{"line":1,"column":9},"end":{"line":1,"column":21}},"loc":{"start":{"line":1,"column":36},"end":{"line":10,"column":1}}},"1":{"name":"calculateCarValue","decl":{"start":{"line":12,"column":16},"end":{"line":12,"column":33}},"loc":{"start":{"line":12,"column":61},"end":{"line":27,"column":1}}}},"branchMap":{"0":{"loc":{"start":{"line":3,"column":2},"end":{"line":9,"column":null}},"type":"if","locations":[{"start":{"line":3,"column":2},"end":{"line":9,"column":null}},{"start":{"line":5,"column":9},"end":{"line":9,"column":null}}]},"1":{"loc":{"start":{"line":3,"column":6},"end":{"line":3,"column":36}},"type":"binary-expr","locations":[{"start":{"line":3,"column":6},"end":{"line":3,"column":19}},{"start":{"line":3,"column":23},"end":{"line":3,"column":36}}]},"2":{"loc":{"start":{"line":5,"column":9},"end":{"line":9,"column":null}},"type":"if","locations":[{"start":{"line":5,"column":9},"end":{"line":9,"column":null}},{"start":{"line":7,"column":9},"end":{"line":9,"column":null}}]},"3":{"loc":{"start":{"line":5,"column":13},"end":{"line":5,"column":43}},"type":"binary-expr","locations":[{"start":{"line":5,"column":13},"end":{"line":5,"column":26}},{"start":{"line":5,"column":30},"end":{"line":5,"column":43}}]},"4":{"loc":{"start":{"line":13,"column":2},"end":{"line":15,"column":null}},"type":"if","locations":[{"start":{"line":13,"column":2},"end":{"line":15,"column":null}}]},"5":{"loc":{"start":{"line":13,"column":6},"end":{"line":13,"column":42}},"type":"binary-expr","locations":[{"start":{"line":13,"column":6},"end":{"line":13,"column":19}},{"start":{"line":13,"column":23},"end":{"line":13,"column":42}}]},"6":{"loc":{"start":{"line":16,"column":2},"end":{"line":18,"column":null}},"type":"if","locations":[{"start":{"line":16,"column":2},"end":{"line":18,"column":null}}]},"7":{"loc":{"start":{"line":16,"column":6},"end":{"line":16,"column":74}},"type":"binary-expr","locations":[{"start":{"line":16,"column":6},"end":{"line":16,"column":17}},{"start":{"line":16,"column":21},"end":{"line":16,"column":44}},{"start":{"line":16,"column":48},"end":{"line":16,"column":59}},{"start":{"line":16,"column":63},"end":{"line":16,"column":74}}]}},"s":{"0":5,"1":5,"2":5,"3":0,"4":0,"5":0,"6":1,"7":0,"8":1,"9":0,"10":1,"11":1,"12":1,"13":5,"14":1,"15":1,"16":1},"f":{"0":5,"1":1},"b":{"0":[5,0],"1":[5,5],"2":[0,0],"3":[0,0],"4":[0],"5":[1,1],"6":[0],"7":[1,1,1,1]}}
,"C:\\Users\\kelsi\\OneDrive\\MRL5\\August\\Missions\\Mission1\\turners\\src\\services\\quoteCalculator.ts": {"path":"C:\\Users\\kelsi\\OneDrive\\MRL5\\August\\Missions\\Mission1\\turners\\src\\services\\quoteCalculator.ts","statementMap":{"0":{"start":{"line":2,"column":15},"end":{"line":2,"column":46}},"1":{"start":{"line":3,"column":26},"end":{"line":3,"column":37}},"2":{"start":{"line":4,"column":25},"end":{"line":4,"column":31}},"3":{"start":{"line":5,"column":2},"end":{"line":8,"column":4}},"4":{"start":{"line":1,"column":0},"end":{"line":1,"column":16}}},"fnMap":{"0":{"name":"convertToQuote","decl":{"start":{"line":1,"column":16},"end":{"line":1,"column":30}},"loc":{"start":{"line":1,"column":69},"end":{"line":9,"column":1}}}},"branchMap":{},"s":{"0":1,"1":1,"2":1,"3":1,"4":1},"f":{"0":1},"b":{}}
,"C:\\Users\\kelsi\\OneDrive\\MRL5\\August\\Missions\\Mission1\\turners\\src\\services\\riskRatingCalculator.ts": {"path":"C:\\Users\\kelsi\\OneDrive\\MRL5\\August\\Missions\\Mission1\\turners\\src\\services\\riskRatingCalculator.ts","statementMap":{"0":{"start":{"line":2,"column":22},"end":{"line":2,"column":70}},"1":{"start":{"line":3,"column":19},"end":{"line":3,"column":20}},"2":{"start":{"line":4,"column":22},"end":{"line":4,"column":49}},"3":{"start":{"line":5,"column":16},"end":{"line":5,"column":38}},"4":{"start":{"line":7,"column":2},"end":{"line":15,"column":null}},"5":{"start":{"line":8,"column":4},"end":{"line":14,"column":null}},"6":{"start":{"line":9,"column":6},"end":{"line":13,"column":null}},"7":{"start":{"line":10,"column":8},"end":{"line":10,"column":70}},"8":{"start":{"line":11,"column":8},"end":{"line":11,"column":21}},"9":{"start":{"line":12,"column":8},"end":{"line":12,"column":14}},"10":{"start":{"line":17,"column":2},"end":{"line":19,"column":null}},"11":{"start":{"line":18,"column":4},"end":{"line":18,"column":19}},"12":{"start":{"line":21,"column":2},"end":{"line":21,"column":37}},"13":{"start":{"line":1,"column":0},"end":{"line":1,"column":16}}},"fnMap":{"0":{"name":"convertHistory","decl":{"start":{"line":1,"column":16},"end":{"line":1,"column":30}},"loc":{"start":{"line":1,"column":52},"end":{"line":22,"column":1}}}},"branchMap":{"0":{"loc":{"start":{"line":9,"column":6},"end":{"line":13,"column":null}},"type":"if","locations":[{"start":{"line":9,"column":6},"end":{"line":13,"column":null}}]},"1":{"loc":{"start":{"line":17,"column":2},"end":{"line":19,"column":null}},"type":"if","locations":[{"start":{"line":17,"column":2},"end":{"line":19,"column":null}}]}},"s":{"0":1,"1":1,"2":1,"3":1,"4":1,"5":24,"6":112,"7":3,"8":3,"9":3,"10":1,"11":0,"12":1,"13":1},"f":{"0":1},"b":{"0":[3],"1":[0]}}
}
