TN:
SF:src\services\carValueCalculator.ts
FN:1,convertModel
FN:12,calculateCarValue
FNF:2
FNH:2
FNDA:5,convertModel
FNDA:1,calculateCarValue
DA:2,5
DA:3,5
DA:4,5
DA:5,0
DA:6,0
DA:8,0
DA:12,1
DA:13,1
DA:14,0
DA:16,1
DA:17,0
DA:19,1
DA:21,1
DA:22,1
DA:23,5
DA:25,1
DA:26,1
LF:17
LH:12
BRDA:3,0,0,5
BRDA:3,0,1,0
BRDA:3,1,0,5
BRDA:3,1,1,5
BRDA:5,2,0,0
BRDA:5,2,1,0
BRDA:5,3,0,0
BRDA:5,3,1,0
BRDA:13,4,0,0
BRDA:13,5,0,1
BRDA:13,5,1,1
BRDA:16,6,0,0
BRDA:16,7,0,1
BRDA:16,7,1,1
BRDA:16,7,2,1
BRDA:16,7,3,1
BRF:16
BRH:9
end_of_record
TN:
SF:src\services\quoteCalculator.ts
FN:1,convertToQuote
FNF:1
FNH:1
FNDA:1,convertToQuote
DA:1,1
DA:2,1
DA:3,1
DA:4,1
DA:5,1
LF:5
LH:5
BRF:0
BRH:0
end_of_record
TN:
SF:src\services\riskRatingCalculator.ts
FN:1,convertHistory
FNF:1
FNH:1
FNDA:1,convertHistory
DA:1,1
DA:2,1
DA:3,1
DA:4,1
DA:5,1
DA:7,1
DA:8,24
DA:9,112
DA:10,3
DA:11,3
DA:12,3
DA:17,1
DA:18,0
DA:21,1
LF:14
LH:13
BRDA:9,0,0,3
BRDA:17,1,0,0
BRF:2
BRH:1
end_of_record
